<?xml version="1.0" encoding="UTF-8"?>
<testsuite name="SolutionTest" tests="4" skipped="0" failures="0" errors="0" timestamp="2022-06-19T16:53:47" hostname="yuanyu-ubuntu" time="0.036">
  <properties/>
  <testcase name="findOrderExample1()" classname="SolutionTest" time="0.029"/>
  <testcase name="findOrderExample2()" classname="SolutionTest" time="0.002"/>
  <testcase name="findOrderExample3()" classname="SolutionTest" time="0.001"/>
  <testcase name="findOrderExample4()" classname="SolutionTest" time="0.001"/>
  <system-out><![CDATA[]]></system-out>
  <system-err><![CDATA[]]></system-err>
</testsuite>
